2020-02-19 13:34:47 - google_map - Either the url is invalid or curl / fopen is not enabled
2020-02-19 13:34:53 - google_map - Either the url is invalid or curl / fopen is not enabled
2020-02-19 13:36:44 - google_map - Either the url is invalid or curl / fopen is not enabled
2020-02-19 13:36:49 - google_map - Either the url is invalid or curl / fopen is not enabled
2020-02-19 13:37:27 - google_map - Either the url is invalid or curl / fopen is not enabled
2020-02-19 13:37:31 - google_map - Either the url is invalid or curl / fopen is not enabled
2020-02-19 13:37:43 - google_map - Either the url is invalid or curl / fopen is not enabled
2020-02-19 13:37:47 - google_map - Either the url is invalid or curl / fopen is not enabled
2020-02-19 13:38:40 - google_map - Either the url is invalid or curl / fopen is not enabled
2020-02-19 13:38:46 - google_map - Either the url is invalid or curl / fopen is not enabled
2020-02-19 13:38:48 - google_map - Either the url is invalid or curl / fopen is not enabled
2020-02-19 13:38:53 - google_map - Either the url is invalid or curl / fopen is not enabled
2020-02-19 13:39:14 - google_map - Either the url is invalid or curl / fopen is not enabled
2020-02-19 13:39:19 - google_map - Either the url is invalid or curl / fopen is not enabled
2020-02-19 13:39:27 - google_map - Either the url is invalid or curl / fopen is not enabled
2020-02-19 13:39:34 - google_map - Either the url is invalid or curl / fopen is not enabled
2020-02-19 14:15:18 - PHP Notice:  Undefined variable: text_loading in C:\xampp\htdocs\dex\ecom\mytemplate\admin\view\template\catalog\category_list.tpl on line 7
2020-02-19 14:15:20 - PHP Notice:  Undefined variable: text_loading in C:\xampp\htdocs\dex\ecom\mytemplate\admin\view\template\catalog\category_list.tpl on line 7
2020-02-19 14:15:32 - PHP Notice:  Undefined variable: text_loading in C:\xampp\htdocs\dex\ecom\mytemplate\admin\view\template\catalog\category_list.tpl on line 7
2020-02-19 14:15:33 - PHP Notice:  Undefined variable: text_loading in C:\xampp\htdocs\dex\ecom\mytemplate\admin\view\template\catalog\category_list.tpl on line 7
2020-02-19 14:15:43 - PHP Notice:  Undefined variable: text_loading in C:\xampp\htdocs\dex\ecom\mytemplate\admin\view\template\catalog\category_list.tpl on line 7
2020-02-19 14:15:44 - PHP Notice:  Undefined variable: text_loading in C:\xampp\htdocs\dex\ecom\mytemplate\admin\view\template\catalog\category_list.tpl on line 7
2020-02-28 10:04:18 - google_map - Either the url is invalid or curl / fopen is not enabled
2020-02-28 10:04:21 - google_map - Either the url is invalid or curl / fopen is not enabled
2020-02-28 10:07:15 - google_map - Either the url is invalid or curl / fopen is not enabled
2020-02-28 10:07:15 - PHP Notice:  Undefined variable: store_email in C:\xampp\htdocs\dex\ecom\mytemplate\catalog\view\theme\default\template\information\contact.tpl on line 96
2020-02-28 10:07:15 - PHP Notice:  Undefined variable: store_email in C:\xampp\htdocs\dex\ecom\mytemplate\catalog\view\theme\default\template\information\contact.tpl on line 96
2020-02-28 10:07:15 - PHP Notice:  Undefined variable: enquiry_img in C:\xampp\htdocs\dex\ecom\mytemplate\catalog\view\theme\default\template\information\contact.tpl on line 120
2020-02-28 10:07:15 - PHP Notice:  Undefined variable: enquiry_img_text in C:\xampp\htdocs\dex\ecom\mytemplate\catalog\view\theme\default\template\information\contact.tpl on line 120
2020-02-28 10:07:18 - google_map - Either the url is invalid or curl / fopen is not enabled
2020-02-28 10:07:18 - PHP Notice:  Undefined variable: store_email in C:\xampp\htdocs\dex\ecom\mytemplate\catalog\view\theme\default\template\information\contact.tpl on line 96
2020-02-28 10:07:18 - PHP Notice:  Undefined variable: store_email in C:\xampp\htdocs\dex\ecom\mytemplate\catalog\view\theme\default\template\information\contact.tpl on line 96
2020-02-28 10:07:18 - PHP Notice:  Undefined variable: enquiry_img in C:\xampp\htdocs\dex\ecom\mytemplate\catalog\view\theme\default\template\information\contact.tpl on line 120
2020-02-28 10:07:18 - PHP Notice:  Undefined variable: enquiry_img_text in C:\xampp\htdocs\dex\ecom\mytemplate\catalog\view\theme\default\template\information\contact.tpl on line 120
2020-02-28 10:07:28 - google_map - Either the url is invalid or curl / fopen is not enabled
2020-02-28 10:07:28 - PHP Notice:  Undefined variable: store_email in C:\xampp\htdocs\dex\ecom\mytemplate\catalog\view\theme\default\template\information\contact.tpl on line 96
2020-02-28 10:07:28 - PHP Notice:  Undefined variable: store_email in C:\xampp\htdocs\dex\ecom\mytemplate\catalog\view\theme\default\template\information\contact.tpl on line 96
2020-02-28 10:07:28 - PHP Notice:  Undefined variable: enquiry_img in C:\xampp\htdocs\dex\ecom\mytemplate\catalog\view\theme\default\template\information\contact.tpl on line 120
2020-02-28 10:07:28 - PHP Notice:  Undefined variable: enquiry_img_text in C:\xampp\htdocs\dex\ecom\mytemplate\catalog\view\theme\default\template\information\contact.tpl on line 120
2020-02-28 10:07:31 - google_map - Either the url is invalid or curl / fopen is not enabled
2020-02-28 10:07:31 - PHP Notice:  Undefined variable: store_email in C:\xampp\htdocs\dex\ecom\mytemplate\catalog\view\theme\default\template\information\contact.tpl on line 96
2020-02-28 10:07:31 - PHP Notice:  Undefined variable: store_email in C:\xampp\htdocs\dex\ecom\mytemplate\catalog\view\theme\default\template\information\contact.tpl on line 96
2020-02-28 10:07:31 - PHP Notice:  Undefined variable: enquiry_img in C:\xampp\htdocs\dex\ecom\mytemplate\catalog\view\theme\default\template\information\contact.tpl on line 120
2020-02-28 10:07:31 - PHP Notice:  Undefined variable: enquiry_img_text in C:\xampp\htdocs\dex\ecom\mytemplate\catalog\view\theme\default\template\information\contact.tpl on line 120
2020-02-28 10:08:07 - google_map - Either the url is invalid or curl / fopen is not enabled
2020-02-28 10:08:07 - PHP Notice:  Undefined variable: gmap_iframe in C:\xampp\htdocs\dex\ecom\mytemplate\catalog\view\theme\default\template\information\contact.tpl on line 88
2020-02-28 10:08:07 - PHP Notice:  Undefined variable: enquiry_img in C:\xampp\htdocs\dex\ecom\mytemplate\catalog\view\theme\default\template\information\contact.tpl on line 120
2020-02-28 10:08:07 - PHP Notice:  Undefined variable: enquiry_img_text in C:\xampp\htdocs\dex\ecom\mytemplate\catalog\view\theme\default\template\information\contact.tpl on line 120
2020-02-28 10:08:09 - google_map - Either the url is invalid or curl / fopen is not enabled
2020-02-28 10:08:09 - PHP Notice:  Undefined variable: gmap_iframe in C:\xampp\htdocs\dex\ecom\mytemplate\catalog\view\theme\default\template\information\contact.tpl on line 88
2020-02-28 10:08:09 - PHP Notice:  Undefined variable: enquiry_img in C:\xampp\htdocs\dex\ecom\mytemplate\catalog\view\theme\default\template\information\contact.tpl on line 120
2020-02-28 10:08:09 - PHP Notice:  Undefined variable: enquiry_img_text in C:\xampp\htdocs\dex\ecom\mytemplate\catalog\view\theme\default\template\information\contact.tpl on line 120
2020-02-28 10:08:16 - google_map - Either the url is invalid or curl / fopen is not enabled
2020-02-28 10:08:17 - PHP Notice:  Undefined variable: gmap_iframe in C:\xampp\htdocs\dex\ecom\mytemplate\catalog\view\theme\default\template\information\contact.tpl on line 88
2020-02-28 10:08:17 - PHP Notice:  Undefined variable: enquiry_img in C:\xampp\htdocs\dex\ecom\mytemplate\catalog\view\theme\default\template\information\contact.tpl on line 120
2020-02-28 10:08:17 - PHP Notice:  Undefined variable: enquiry_img_text in C:\xampp\htdocs\dex\ecom\mytemplate\catalog\view\theme\default\template\information\contact.tpl on line 120
2020-02-28 10:08:20 - google_map - Either the url is invalid or curl / fopen is not enabled
2020-02-28 10:08:20 - PHP Notice:  Undefined variable: gmap_iframe in C:\xampp\htdocs\dex\ecom\mytemplate\catalog\view\theme\default\template\information\contact.tpl on line 88
2020-02-28 10:08:20 - PHP Notice:  Undefined variable: enquiry_img in C:\xampp\htdocs\dex\ecom\mytemplate\catalog\view\theme\default\template\information\contact.tpl on line 120
2020-02-28 10:08:20 - PHP Notice:  Undefined variable: enquiry_img_text in C:\xampp\htdocs\dex\ecom\mytemplate\catalog\view\theme\default\template\information\contact.tpl on line 120
2020-02-28 10:09:35 - google_map - Either the url is invalid or curl / fopen is not enabled
2020-02-28 10:09:35 - PHP Notice:  Undefined variable: enquiry_img in C:\xampp\htdocs\dex\ecom\mytemplate\catalog\view\theme\default\template\information\contact.tpl on line 120
2020-02-28 10:09:35 - PHP Notice:  Undefined variable: enquiry_img_text in C:\xampp\htdocs\dex\ecom\mytemplate\catalog\view\theme\default\template\information\contact.tpl on line 120
2020-02-28 10:09:38 - google_map - Either the url is invalid or curl / fopen is not enabled
2020-02-28 10:09:38 - PHP Notice:  Undefined variable: enquiry_img in C:\xampp\htdocs\dex\ecom\mytemplate\catalog\view\theme\default\template\information\contact.tpl on line 120
2020-02-28 10:09:38 - PHP Notice:  Undefined variable: enquiry_img_text in C:\xampp\htdocs\dex\ecom\mytemplate\catalog\view\theme\default\template\information\contact.tpl on line 120
2020-02-28 10:09:43 - google_map - Either the url is invalid or curl / fopen is not enabled
2020-02-28 10:09:43 - PHP Notice:  Undefined variable: enquiry_img in C:\xampp\htdocs\dex\ecom\mytemplate\catalog\view\theme\default\template\information\contact.tpl on line 120
2020-02-28 10:09:43 - PHP Notice:  Undefined variable: enquiry_img_text in C:\xampp\htdocs\dex\ecom\mytemplate\catalog\view\theme\default\template\information\contact.tpl on line 120
2020-02-28 10:09:46 - google_map - Either the url is invalid or curl / fopen is not enabled
2020-02-28 10:09:46 - PHP Notice:  Undefined variable: enquiry_img in C:\xampp\htdocs\dex\ecom\mytemplate\catalog\view\theme\default\template\information\contact.tpl on line 120
2020-02-28 10:09:46 - PHP Notice:  Undefined variable: enquiry_img_text in C:\xampp\htdocs\dex\ecom\mytemplate\catalog\view\theme\default\template\information\contact.tpl on line 120
2020-02-28 10:10:19 - google_map - Either the url is invalid or curl / fopen is not enabled
2020-02-28 10:10:19 - PHP Notice:  Undefined variable: enquiry_img in C:\xampp\htdocs\dex\ecom\mytemplate\catalog\view\theme\default\template\information\contact.tpl on line 120
2020-02-28 10:10:19 - PHP Notice:  Undefined variable: enquiry_img_text in C:\xampp\htdocs\dex\ecom\mytemplate\catalog\view\theme\default\template\information\contact.tpl on line 120
2020-02-28 10:10:22 - google_map - Either the url is invalid or curl / fopen is not enabled
2020-02-28 10:10:23 - PHP Notice:  Undefined variable: enquiry_img in C:\xampp\htdocs\dex\ecom\mytemplate\catalog\view\theme\default\template\information\contact.tpl on line 120
2020-02-28 10:10:23 - PHP Notice:  Undefined variable: enquiry_img_text in C:\xampp\htdocs\dex\ecom\mytemplate\catalog\view\theme\default\template\information\contact.tpl on line 120
2020-02-28 10:10:25 - google_map - Either the url is invalid or curl / fopen is not enabled
2020-02-28 10:10:25 - PHP Notice:  Undefined variable: enquiry_img in C:\xampp\htdocs\dex\ecom\mytemplate\catalog\view\theme\default\template\information\contact.tpl on line 120
2020-02-28 10:10:25 - PHP Notice:  Undefined variable: enquiry_img_text in C:\xampp\htdocs\dex\ecom\mytemplate\catalog\view\theme\default\template\information\contact.tpl on line 120
2020-02-28 10:10:30 - google_map - Either the url is invalid or curl / fopen is not enabled
2020-02-28 10:10:30 - PHP Notice:  Undefined variable: enquiry_img in C:\xampp\htdocs\dex\ecom\mytemplate\catalog\view\theme\default\template\information\contact.tpl on line 120
2020-02-28 10:10:30 - PHP Notice:  Undefined variable: enquiry_img_text in C:\xampp\htdocs\dex\ecom\mytemplate\catalog\view\theme\default\template\information\contact.tpl on line 120
2020-02-28 10:10:39 - google_map - Either the url is invalid or curl / fopen is not enabled
2020-02-28 10:10:39 - PHP Notice:  Undefined variable: enquiry_img in C:\xampp\htdocs\dex\ecom\mytemplate\catalog\view\theme\default\template\information\contact.tpl on line 120
2020-02-28 10:10:39 - PHP Notice:  Undefined variable: enquiry_img_text in C:\xampp\htdocs\dex\ecom\mytemplate\catalog\view\theme\default\template\information\contact.tpl on line 120
2020-02-28 10:10:42 - google_map - Either the url is invalid or curl / fopen is not enabled
2020-02-28 10:10:42 - PHP Notice:  Undefined variable: enquiry_img in C:\xampp\htdocs\dex\ecom\mytemplate\catalog\view\theme\default\template\information\contact.tpl on line 120
2020-02-28 10:10:42 - PHP Notice:  Undefined variable: enquiry_img_text in C:\xampp\htdocs\dex\ecom\mytemplate\catalog\view\theme\default\template\information\contact.tpl on line 120
2020-02-28 10:11:58 - google_map - Either the url is invalid or curl / fopen is not enabled
2020-02-28 10:11:58 - PHP Notice:  Undefined variable: enquiry_img in C:\xampp\htdocs\dex\ecom\mytemplate\catalog\view\theme\default\template\information\contact.tpl on line 120
2020-02-28 10:11:58 - PHP Notice:  Undefined variable: enquiry_img_text in C:\xampp\htdocs\dex\ecom\mytemplate\catalog\view\theme\default\template\information\contact.tpl on line 120
2020-02-28 10:12:01 - google_map - Either the url is invalid or curl / fopen is not enabled
2020-02-28 10:12:01 - PHP Notice:  Undefined variable: enquiry_img in C:\xampp\htdocs\dex\ecom\mytemplate\catalog\view\theme\default\template\information\contact.tpl on line 120
2020-02-28 10:12:01 - PHP Notice:  Undefined variable: enquiry_img_text in C:\xampp\htdocs\dex\ecom\mytemplate\catalog\view\theme\default\template\information\contact.tpl on line 120
2020-02-28 10:12:59 - google_map - Either the url is invalid or curl / fopen is not enabled
2020-02-28 10:12:59 - PHP Notice:  Undefined variable: enquiry_img in C:\xampp\htdocs\dex\ecom\mytemplate\catalog\view\theme\default\template\information\contact.tpl on line 120
2020-02-28 10:12:59 - PHP Notice:  Undefined variable: enquiry_img_text in C:\xampp\htdocs\dex\ecom\mytemplate\catalog\view\theme\default\template\information\contact.tpl on line 120
2020-02-28 10:13:05 - google_map - Either the url is invalid or curl / fopen is not enabled
2020-02-28 10:13:06 - PHP Notice:  Undefined variable: enquiry_img in C:\xampp\htdocs\dex\ecom\mytemplate\catalog\view\theme\default\template\information\contact.tpl on line 120
2020-02-28 10:13:06 - PHP Notice:  Undefined variable: enquiry_img_text in C:\xampp\htdocs\dex\ecom\mytemplate\catalog\view\theme\default\template\information\contact.tpl on line 120
2020-02-28 10:13:30 - google_map - Either the url is invalid or curl / fopen is not enabled
2020-02-28 10:13:31 - PHP Notice:  Undefined variable: enquiry_img in C:\xampp\htdocs\dex\ecom\mytemplate\catalog\view\theme\default\template\information\contact.tpl on line 120
2020-02-28 10:13:31 - PHP Notice:  Undefined variable: enquiry_img_text in C:\xampp\htdocs\dex\ecom\mytemplate\catalog\view\theme\default\template\information\contact.tpl on line 120
2020-02-28 10:13:38 - google_map - Either the url is invalid or curl / fopen is not enabled
2020-02-28 10:13:39 - PHP Notice:  Undefined variable: enquiry_img in C:\xampp\htdocs\dex\ecom\mytemplate\catalog\view\theme\default\template\information\contact.tpl on line 120
2020-02-28 10:13:39 - PHP Notice:  Undefined variable: enquiry_img_text in C:\xampp\htdocs\dex\ecom\mytemplate\catalog\view\theme\default\template\information\contact.tpl on line 120
2020-02-28 10:19:13 - google_map - Either the url is invalid or curl / fopen is not enabled
2020-02-28 10:19:13 - PHP Notice:  Undefined variable: enquiry_img in C:\xampp\htdocs\dex\ecom\mytemplate\catalog\view\theme\default\template\information\contact.tpl on line 120
2020-02-28 10:19:13 - PHP Notice:  Undefined variable: enquiry_img_text in C:\xampp\htdocs\dex\ecom\mytemplate\catalog\view\theme\default\template\information\contact.tpl on line 120
2020-02-28 10:19:17 - google_map - Either the url is invalid or curl / fopen is not enabled
2020-02-28 10:19:17 - PHP Notice:  Undefined variable: enquiry_img in C:\xampp\htdocs\dex\ecom\mytemplate\catalog\view\theme\default\template\information\contact.tpl on line 120
2020-02-28 10:19:17 - PHP Notice:  Undefined variable: enquiry_img_text in C:\xampp\htdocs\dex\ecom\mytemplate\catalog\view\theme\default\template\information\contact.tpl on line 120
2020-02-28 10:20:08 - google_map - Either the url is invalid or curl / fopen is not enabled
2020-02-28 10:20:08 - PHP Notice:  Undefined variable: enquiry_img in C:\xampp\htdocs\dex\ecom\mytemplate\catalog\view\theme\default\template\information\contact.tpl on line 120
2020-02-28 10:20:08 - PHP Notice:  Undefined variable: enquiry_img_text in C:\xampp\htdocs\dex\ecom\mytemplate\catalog\view\theme\default\template\information\contact.tpl on line 120
2020-02-28 10:20:14 - google_map - Either the url is invalid or curl / fopen is not enabled
2020-02-28 10:20:14 - PHP Notice:  Undefined variable: enquiry_img in C:\xampp\htdocs\dex\ecom\mytemplate\catalog\view\theme\default\template\information\contact.tpl on line 120
2020-02-28 10:20:14 - PHP Notice:  Undefined variable: enquiry_img_text in C:\xampp\htdocs\dex\ecom\mytemplate\catalog\view\theme\default\template\information\contact.tpl on line 120
2020-02-28 10:21:46 - google_map - Either the url is invalid or curl / fopen is not enabled
2020-02-28 10:21:47 - PHP Notice:  Undefined variable: enquiry_img in C:\xampp\htdocs\dex\ecom\mytemplate\catalog\view\theme\default\template\information\contact.tpl on line 120
2020-02-28 10:21:47 - PHP Notice:  Undefined variable: enquiry_img_text in C:\xampp\htdocs\dex\ecom\mytemplate\catalog\view\theme\default\template\information\contact.tpl on line 120
2020-02-28 10:21:51 - google_map - Either the url is invalid or curl / fopen is not enabled
2020-02-28 10:21:52 - PHP Notice:  Undefined variable: enquiry_img in C:\xampp\htdocs\dex\ecom\mytemplate\catalog\view\theme\default\template\information\contact.tpl on line 120
2020-02-28 10:21:52 - PHP Notice:  Undefined variable: enquiry_img_text in C:\xampp\htdocs\dex\ecom\mytemplate\catalog\view\theme\default\template\information\contact.tpl on line 120
2020-02-28 10:22:21 - google_map - Either the url is invalid or curl / fopen is not enabled
2020-02-28 10:22:21 - PHP Notice:  Undefined variable: enquiry_img in C:\xampp\htdocs\dex\ecom\mytemplate\catalog\view\theme\default\template\information\contact.tpl on line 120
2020-02-28 10:22:21 - PHP Notice:  Undefined variable: enquiry_img_text in C:\xampp\htdocs\dex\ecom\mytemplate\catalog\view\theme\default\template\information\contact.tpl on line 120
2020-02-28 10:22:28 - google_map - Either the url is invalid or curl / fopen is not enabled
2020-02-28 10:22:29 - PHP Notice:  Undefined variable: enquiry_img in C:\xampp\htdocs\dex\ecom\mytemplate\catalog\view\theme\default\template\information\contact.tpl on line 120
2020-02-28 10:22:29 - PHP Notice:  Undefined variable: enquiry_img_text in C:\xampp\htdocs\dex\ecom\mytemplate\catalog\view\theme\default\template\information\contact.tpl on line 120
2020-02-28 10:23:04 - google_map - Either the url is invalid or curl / fopen is not enabled
2020-02-28 10:23:05 - PHP Notice:  Undefined variable: enquiry_img in C:\xampp\htdocs\dex\ecom\mytemplate\catalog\view\theme\default\template\information\contact.tpl on line 120
2020-02-28 10:23:05 - PHP Notice:  Undefined variable: enquiry_img_text in C:\xampp\htdocs\dex\ecom\mytemplate\catalog\view\theme\default\template\information\contact.tpl on line 120
2020-02-28 10:23:10 - google_map - Either the url is invalid or curl / fopen is not enabled
2020-02-28 10:23:11 - PHP Notice:  Undefined variable: enquiry_img in C:\xampp\htdocs\dex\ecom\mytemplate\catalog\view\theme\default\template\information\contact.tpl on line 120
2020-02-28 10:23:11 - PHP Notice:  Undefined variable: enquiry_img_text in C:\xampp\htdocs\dex\ecom\mytemplate\catalog\view\theme\default\template\information\contact.tpl on line 120
2020-02-28 10:24:23 - google_map - Either the url is invalid or curl / fopen is not enabled
2020-02-28 10:24:24 - PHP Notice:  Undefined variable: enquiry_img in C:\xampp\htdocs\dex\ecom\mytemplate\catalog\view\theme\default\template\information\contact.tpl on line 120
2020-02-28 10:24:24 - PHP Notice:  Undefined variable: enquiry_img_text in C:\xampp\htdocs\dex\ecom\mytemplate\catalog\view\theme\default\template\information\contact.tpl on line 120
2020-02-28 10:24:28 - google_map - Either the url is invalid or curl / fopen is not enabled
2020-02-28 10:24:28 - PHP Notice:  Undefined variable: enquiry_img in C:\xampp\htdocs\dex\ecom\mytemplate\catalog\view\theme\default\template\information\contact.tpl on line 120
2020-02-28 10:24:28 - PHP Notice:  Undefined variable: enquiry_img_text in C:\xampp\htdocs\dex\ecom\mytemplate\catalog\view\theme\default\template\information\contact.tpl on line 120
2020-02-28 10:26:13 - google_map - Either the url is invalid or curl / fopen is not enabled
2020-02-28 10:26:14 - PHP Notice:  Undefined variable: enquiry_img in C:\xampp\htdocs\dex\ecom\mytemplate\catalog\view\theme\default\template\information\contact.tpl on line 120
2020-02-28 10:26:14 - PHP Notice:  Undefined variable: enquiry_img_text in C:\xampp\htdocs\dex\ecom\mytemplate\catalog\view\theme\default\template\information\contact.tpl on line 120
2020-02-28 10:26:18 - google_map - Either the url is invalid or curl / fopen is not enabled
2020-02-28 10:26:19 - PHP Notice:  Undefined variable: enquiry_img in C:\xampp\htdocs\dex\ecom\mytemplate\catalog\view\theme\default\template\information\contact.tpl on line 120
2020-02-28 10:26:19 - PHP Notice:  Undefined variable: enquiry_img_text in C:\xampp\htdocs\dex\ecom\mytemplate\catalog\view\theme\default\template\information\contact.tpl on line 120
2020-02-28 10:29:57 - google_map - Either the url is invalid or curl / fopen is not enabled
2020-02-28 10:29:58 - PHP Notice:  Undefined variable: enquiry_img in C:\xampp\htdocs\dex\ecom\mytemplate\catalog\view\theme\default\template\information\contact.tpl on line 120
2020-02-28 10:29:58 - PHP Notice:  Undefined variable: enquiry_img_text in C:\xampp\htdocs\dex\ecom\mytemplate\catalog\view\theme\default\template\information\contact.tpl on line 120
2020-02-28 10:30:01 - google_map - Either the url is invalid or curl / fopen is not enabled
2020-02-28 10:30:02 - PHP Notice:  Undefined variable: enquiry_img in C:\xampp\htdocs\dex\ecom\mytemplate\catalog\view\theme\default\template\information\contact.tpl on line 120
2020-02-28 10:30:02 - PHP Notice:  Undefined variable: enquiry_img_text in C:\xampp\htdocs\dex\ecom\mytemplate\catalog\view\theme\default\template\information\contact.tpl on line 120
2020-02-28 10:30:07 - google_map - Either the url is invalid or curl / fopen is not enabled
2020-02-28 10:30:07 - PHP Notice:  Undefined variable: enquiry_img in C:\xampp\htdocs\dex\ecom\mytemplate\catalog\view\theme\default\template\information\contact.tpl on line 120
2020-02-28 10:30:07 - PHP Notice:  Undefined variable: enquiry_img_text in C:\xampp\htdocs\dex\ecom\mytemplate\catalog\view\theme\default\template\information\contact.tpl on line 120
2020-02-28 10:30:12 - google_map - Either the url is invalid or curl / fopen is not enabled
2020-02-28 10:30:12 - PHP Notice:  Undefined variable: enquiry_img in C:\xampp\htdocs\dex\ecom\mytemplate\catalog\view\theme\default\template\information\contact.tpl on line 120
2020-02-28 10:30:12 - PHP Notice:  Undefined variable: enquiry_img_text in C:\xampp\htdocs\dex\ecom\mytemplate\catalog\view\theme\default\template\information\contact.tpl on line 120
2020-02-28 10:30:42 - google_map - Either the url is invalid or curl / fopen is not enabled
2020-02-28 10:30:42 - PHP Notice:  Undefined variable: enquiry_img in C:\xampp\htdocs\dex\ecom\mytemplate\catalog\view\theme\default\template\information\contact.tpl on line 120
2020-02-28 10:30:42 - PHP Notice:  Undefined variable: enquiry_img_text in C:\xampp\htdocs\dex\ecom\mytemplate\catalog\view\theme\default\template\information\contact.tpl on line 120
2020-02-28 10:30:46 - google_map - Either the url is invalid or curl / fopen is not enabled
2020-02-28 10:30:46 - PHP Notice:  Undefined variable: enquiry_img in C:\xampp\htdocs\dex\ecom\mytemplate\catalog\view\theme\default\template\information\contact.tpl on line 120
2020-02-28 10:30:46 - PHP Notice:  Undefined variable: enquiry_img_text in C:\xampp\htdocs\dex\ecom\mytemplate\catalog\view\theme\default\template\information\contact.tpl on line 120
2020-02-28 10:31:19 - google_map - Either the url is invalid or curl / fopen is not enabled
2020-02-28 10:31:19 - PHP Notice:  Undefined variable: enquiry_img in C:\xampp\htdocs\dex\ecom\mytemplate\catalog\view\theme\default\template\information\contact.tpl on line 120
2020-02-28 10:31:19 - PHP Notice:  Undefined variable: enquiry_img_text in C:\xampp\htdocs\dex\ecom\mytemplate\catalog\view\theme\default\template\information\contact.tpl on line 120
2020-02-28 10:31:23 - google_map - Either the url is invalid or curl / fopen is not enabled
2020-02-28 10:31:23 - PHP Notice:  Undefined variable: enquiry_img in C:\xampp\htdocs\dex\ecom\mytemplate\catalog\view\theme\default\template\information\contact.tpl on line 120
2020-02-28 10:31:23 - PHP Notice:  Undefined variable: enquiry_img_text in C:\xampp\htdocs\dex\ecom\mytemplate\catalog\view\theme\default\template\information\contact.tpl on line 120
2020-02-28 10:32:08 - google_map - Either the url is invalid or curl / fopen is not enabled
2020-02-28 10:32:08 - PHP Notice:  Undefined variable: enquiry_img in C:\xampp\htdocs\dex\ecom\mytemplate\catalog\view\theme\default\template\information\contact.tpl on line 120
2020-02-28 10:32:08 - PHP Notice:  Undefined variable: enquiry_img_text in C:\xampp\htdocs\dex\ecom\mytemplate\catalog\view\theme\default\template\information\contact.tpl on line 120
2020-02-28 10:32:13 - google_map - Either the url is invalid or curl / fopen is not enabled
2020-02-28 10:32:13 - PHP Notice:  Undefined variable: enquiry_img in C:\xampp\htdocs\dex\ecom\mytemplate\catalog\view\theme\default\template\information\contact.tpl on line 120
2020-02-28 10:32:13 - PHP Notice:  Undefined variable: enquiry_img_text in C:\xampp\htdocs\dex\ecom\mytemplate\catalog\view\theme\default\template\information\contact.tpl on line 120
2020-02-28 10:33:11 - google_map - Either the url is invalid or curl / fopen is not enabled
2020-02-28 10:33:11 - PHP Notice:  Undefined variable: enquiry_img in C:\xampp\htdocs\dex\ecom\mytemplate\catalog\view\theme\default\template\information\contact.tpl on line 120
2020-02-28 10:33:11 - PHP Notice:  Undefined variable: enquiry_img_text in C:\xampp\htdocs\dex\ecom\mytemplate\catalog\view\theme\default\template\information\contact.tpl on line 120
2020-02-28 10:33:15 - google_map - Either the url is invalid or curl / fopen is not enabled
2020-02-28 10:33:15 - PHP Notice:  Undefined variable: enquiry_img in C:\xampp\htdocs\dex\ecom\mytemplate\catalog\view\theme\default\template\information\contact.tpl on line 120
2020-02-28 10:33:15 - PHP Notice:  Undefined variable: enquiry_img_text in C:\xampp\htdocs\dex\ecom\mytemplate\catalog\view\theme\default\template\information\contact.tpl on line 120
2020-02-28 10:34:09 - google_map - Either the url is invalid or curl / fopen is not enabled
2020-02-28 10:34:10 - PHP Notice:  Undefined variable: enquiry_img in C:\xampp\htdocs\dex\ecom\mytemplate\catalog\view\theme\default\template\information\contact.tpl on line 120
2020-02-28 10:34:10 - PHP Notice:  Undefined variable: enquiry_img_text in C:\xampp\htdocs\dex\ecom\mytemplate\catalog\view\theme\default\template\information\contact.tpl on line 120
2020-02-28 10:34:13 - google_map - Either the url is invalid or curl / fopen is not enabled
2020-02-28 10:34:13 - PHP Notice:  Undefined variable: enquiry_img in C:\xampp\htdocs\dex\ecom\mytemplate\catalog\view\theme\default\template\information\contact.tpl on line 120
2020-02-28 10:34:13 - PHP Notice:  Undefined variable: enquiry_img_text in C:\xampp\htdocs\dex\ecom\mytemplate\catalog\view\theme\default\template\information\contact.tpl on line 120
2020-02-28 10:35:11 - google_map - Either the url is invalid or curl / fopen is not enabled
2020-02-28 10:35:11 - PHP Notice:  Undefined variable: enquiry_img in C:\xampp\htdocs\dex\ecom\mytemplate\catalog\view\theme\default\template\information\contact.tpl on line 120
2020-02-28 10:35:11 - PHP Notice:  Undefined variable: enquiry_img_text in C:\xampp\htdocs\dex\ecom\mytemplate\catalog\view\theme\default\template\information\contact.tpl on line 120
2020-02-28 10:35:16 - google_map - Either the url is invalid or curl / fopen is not enabled
2020-02-28 10:35:16 - PHP Notice:  Undefined variable: enquiry_img in C:\xampp\htdocs\dex\ecom\mytemplate\catalog\view\theme\default\template\information\contact.tpl on line 120
2020-02-28 10:35:16 - PHP Notice:  Undefined variable: enquiry_img_text in C:\xampp\htdocs\dex\ecom\mytemplate\catalog\view\theme\default\template\information\contact.tpl on line 120
2020-02-28 10:37:01 - google_map - Either the url is invalid or curl / fopen is not enabled
2020-02-28 10:37:01 - PHP Notice:  Undefined variable: enquiry_img in C:\xampp\htdocs\dex\ecom\mytemplate\catalog\view\theme\default\template\information\contact.tpl on line 120
2020-02-28 10:37:01 - PHP Notice:  Undefined variable: enquiry_img_text in C:\xampp\htdocs\dex\ecom\mytemplate\catalog\view\theme\default\template\information\contact.tpl on line 120
2020-02-28 10:37:08 - google_map - Either the url is invalid or curl / fopen is not enabled
2020-02-28 10:37:09 - PHP Notice:  Undefined variable: enquiry_img in C:\xampp\htdocs\dex\ecom\mytemplate\catalog\view\theme\default\template\information\contact.tpl on line 120
2020-02-28 10:37:09 - PHP Notice:  Undefined variable: enquiry_img_text in C:\xampp\htdocs\dex\ecom\mytemplate\catalog\view\theme\default\template\information\contact.tpl on line 120
2020-02-28 10:37:44 - google_map - Either the url is invalid or curl / fopen is not enabled
2020-02-28 10:37:45 - PHP Notice:  Undefined variable: enquiry_img in C:\xampp\htdocs\dex\ecom\mytemplate\catalog\view\theme\default\template\information\contact.tpl on line 120
2020-02-28 10:37:45 - PHP Notice:  Undefined variable: enquiry_img_text in C:\xampp\htdocs\dex\ecom\mytemplate\catalog\view\theme\default\template\information\contact.tpl on line 120
2020-02-28 10:37:49 - google_map - Either the url is invalid or curl / fopen is not enabled
2020-02-28 10:37:50 - PHP Notice:  Undefined variable: enquiry_img in C:\xampp\htdocs\dex\ecom\mytemplate\catalog\view\theme\default\template\information\contact.tpl on line 120
2020-02-28 10:37:50 - PHP Notice:  Undefined variable: enquiry_img_text in C:\xampp\htdocs\dex\ecom\mytemplate\catalog\view\theme\default\template\information\contact.tpl on line 120
2020-02-28 10:38:38 - PHP Notice:  A non well formed numeric value encountered in C:\xampp\htdocs\dex\ecom\mytemplate\system\library\template\Twig\Environment.php(403) : eval()'d code on line 119
2020-02-28 10:38:38 - PHP Notice:  A non well formed numeric value encountered in C:\xampp\htdocs\dex\ecom\mytemplate\system\library\template\Twig\Environment.php(403) : eval()'d code on line 123
2020-02-28 10:38:38 - PHP Notice:  A non well formed numeric value encountered in C:\xampp\htdocs\dex\ecom\mytemplate\system\library\template\Twig\Environment.php(403) : eval()'d code on line 127
2020-02-28 10:38:38 - PHP Notice:  A non well formed numeric value encountered in C:\xampp\htdocs\dex\ecom\mytemplate\system\library\template\Twig\Environment.php(403) : eval()'d code on line 131
2020-02-28 10:38:39 - PHP Notice:  A non well formed numeric value encountered in C:\xampp\htdocs\dex\ecom\mytemplate\system\library\template\Twig\Environment.php(403) : eval()'d code on line 119
2020-02-28 10:38:39 - PHP Notice:  A non well formed numeric value encountered in C:\xampp\htdocs\dex\ecom\mytemplate\system\library\template\Twig\Environment.php(403) : eval()'d code on line 123
2020-02-28 10:38:39 - PHP Notice:  A non well formed numeric value encountered in C:\xampp\htdocs\dex\ecom\mytemplate\system\library\template\Twig\Environment.php(403) : eval()'d code on line 127
2020-02-28 10:38:39 - PHP Notice:  A non well formed numeric value encountered in C:\xampp\htdocs\dex\ecom\mytemplate\system\library\template\Twig\Environment.php(403) : eval()'d code on line 131
2020-02-28 10:38:42 - PHP Notice:  A non well formed numeric value encountered in C:\xampp\htdocs\dex\ecom\mytemplate\system\library\template\Twig\Environment.php(403) : eval()'d code on line 119
2020-02-28 10:38:42 - PHP Notice:  A non well formed numeric value encountered in C:\xampp\htdocs\dex\ecom\mytemplate\system\library\template\Twig\Environment.php(403) : eval()'d code on line 123
2020-02-28 10:38:42 - PHP Notice:  A non well formed numeric value encountered in C:\xampp\htdocs\dex\ecom\mytemplate\system\library\template\Twig\Environment.php(403) : eval()'d code on line 127
2020-02-28 10:38:42 - PHP Notice:  A non well formed numeric value encountered in C:\xampp\htdocs\dex\ecom\mytemplate\system\library\template\Twig\Environment.php(403) : eval()'d code on line 131
2020-02-28 10:38:43 - PHP Notice:  A non well formed numeric value encountered in C:\xampp\htdocs\dex\ecom\mytemplate\system\library\template\Twig\Environment.php(403) : eval()'d code on line 119
2020-02-28 10:38:43 - PHP Notice:  A non well formed numeric value encountered in C:\xampp\htdocs\dex\ecom\mytemplate\system\library\template\Twig\Environment.php(403) : eval()'d code on line 123
2020-02-28 10:38:43 - PHP Notice:  A non well formed numeric value encountered in C:\xampp\htdocs\dex\ecom\mytemplate\system\library\template\Twig\Environment.php(403) : eval()'d code on line 127
2020-02-28 10:38:43 - PHP Notice:  A non well formed numeric value encountered in C:\xampp\htdocs\dex\ecom\mytemplate\system\library\template\Twig\Environment.php(403) : eval()'d code on line 131
2020-02-28 11:22:09 - PHP Warning:  mail(): Failed to connect to mailserver at &quot;localhost&quot; port 25, verify your &quot;SMTP&quot; and &quot;smtp_port&quot; setting in php.ini or use ini_set() in C:\xampp\htdocs\dex\ecom\mytemplate\system\library\mail.php on line 176
2020-02-28 11:22:10 - PHP Warning:  mail(): Failed to connect to mailserver at &quot;localhost&quot; port 25, verify your &quot;SMTP&quot; and &quot;smtp_port&quot; setting in php.ini or use ini_set() in C:\xampp\htdocs\dex\ecom\mytemplate\system\library\mail.php on line 176
2020-02-28 11:23:26 - PHP Notice:  A non well formed numeric value encountered in C:\xampp\htdocs\dex\ecom\mytemplate\system\library\template\Twig\Environment.php(403) : eval()'d code on line 119
2020-02-28 11:23:26 - PHP Notice:  A non well formed numeric value encountered in C:\xampp\htdocs\dex\ecom\mytemplate\system\library\template\Twig\Environment.php(403) : eval()'d code on line 123
2020-02-28 11:23:26 - PHP Notice:  A non well formed numeric value encountered in C:\xampp\htdocs\dex\ecom\mytemplate\system\library\template\Twig\Environment.php(403) : eval()'d code on line 127
2020-02-28 11:23:26 - PHP Notice:  A non well formed numeric value encountered in C:\xampp\htdocs\dex\ecom\mytemplate\system\library\template\Twig\Environment.php(403) : eval()'d code on line 131
2020-02-28 11:26:55 - google_map - Either the url is invalid or curl / fopen is not enabled
2020-02-28 11:26:55 - PHP Notice:  Undefined variable: enquiry_img in C:\xampp\htdocs\dex\ecom\mytemplate\catalog\view\theme\default\template\information\contact.tpl on line 120
2020-02-28 11:26:55 - PHP Notice:  Undefined variable: enquiry_img_text in C:\xampp\htdocs\dex\ecom\mytemplate\catalog\view\theme\default\template\information\contact.tpl on line 120
2020-02-28 11:45:56 - PHP Notice:  Undefined variable: color_options in C:\xampp\htdocs\dex\ecom\mytemplate\catalog\view\theme\default\template\component\product_info.tpl on line 123
2020-02-28 11:45:56 - PHP Notice:  Undefined variable: color_options in C:\xampp\htdocs\dex\ecom\mytemplate\catalog\view\theme\default\template\component\product_info.tpl on line 123
2020-02-28 11:45:57 - PHP Notice:  Undefined variable: color_options in C:\xampp\htdocs\dex\ecom\mytemplate\catalog\view\theme\default\template\component\product_info.tpl on line 123
2020-02-28 11:45:57 - PHP Notice:  Undefined variable: color_options in C:\xampp\htdocs\dex\ecom\mytemplate\catalog\view\theme\default\template\component\product_info.tpl on line 123
2020-02-28 11:54:22 - google_map - Either the url is invalid or curl / fopen is not enabled
2020-02-28 11:54:23 - PHP Notice:  Undefined variable: enquiry_img in C:\xampp\htdocs\dex\ecom\mytemplate\catalog\view\theme\default\template\information\contact.tpl on line 120
2020-02-28 11:54:23 - PHP Notice:  Undefined variable: enquiry_img_text in C:\xampp\htdocs\dex\ecom\mytemplate\catalog\view\theme\default\template\information\contact.tpl on line 120
2020-02-28 11:54:27 - google_map - Either the url is invalid or curl / fopen is not enabled
2020-02-28 11:54:28 - PHP Notice:  Undefined variable: enquiry_img in C:\xampp\htdocs\dex\ecom\mytemplate\catalog\view\theme\default\template\information\contact.tpl on line 120
2020-02-28 11:54:28 - PHP Notice:  Undefined variable: enquiry_img_text in C:\xampp\htdocs\dex\ecom\mytemplate\catalog\view\theme\default\template\information\contact.tpl on line 120
2020-02-28 11:55:16 - google_map - Either the url is invalid or curl / fopen is not enabled
2020-02-28 11:55:16 - PHP Notice:  Undefined variable: enquiry_img in C:\xampp\htdocs\dex\ecom\mytemplate\catalog\view\theme\default\template\information\contact.tpl on line 120
2020-02-28 11:55:16 - PHP Notice:  Undefined variable: enquiry_img_text in C:\xampp\htdocs\dex\ecom\mytemplate\catalog\view\theme\default\template\information\contact.tpl on line 120
2020-02-28 11:55:21 - google_map - Either the url is invalid or curl / fopen is not enabled
2020-02-28 11:55:21 - PHP Notice:  Undefined variable: enquiry_img in C:\xampp\htdocs\dex\ecom\mytemplate\catalog\view\theme\default\template\information\contact.tpl on line 120
2020-02-28 11:55:21 - PHP Notice:  Undefined variable: enquiry_img_text in C:\xampp\htdocs\dex\ecom\mytemplate\catalog\view\theme\default\template\information\contact.tpl on line 120
2020-02-28 12:02:46 - PHP Notice:  Undefined index: g-recaptcha-response in C:\xampp\htdocs\dex\ecom\mytemplate\catalog\controller\extension\captcha\google_captcha.php on line 52
2020-02-28 12:03:00 - PHP Notice:  Undefined index: g-recaptcha-response in C:\xampp\htdocs\dex\ecom\mytemplate\catalog\controller\extension\captcha\google_captcha.php on line 52
